+----------------------------------------------------------+
| STORE Boxes for apple                                    |
+----------------------------------------------------------+
|  Capacity = 1000  (1000 used, 0 free)                    |
|  Time interval = 0 - 50000                               |
|  Number of Enter operations = 7629                       |
|  Minimal used capacity = 0                               |
|  Maximal used capacity = 1000                            |
|  Average used capacity = 989.168                         |
+----------------------------------------------------------+
  Input queue 'Boxes for apple.Q'
+----------------------------------------------------------+
| QUEUE Q                                                  |
+----------------------------------------------------------+
|  Time interval = 0 - 50000                               |
|  Incoming  48742                                         |
|  Outcoming  6480                                         |
|  Current length = 42262                                  |
|  Maximal length = 42262                                  |
|  Average length = 20623.4                                |
|  Minimal time = 3.93813                                  |
|  Maximal time = 42315.9                                  |
|  Average time = 21240.4                                  |
|  Standard deviation = 12199.3                            |
+----------------------------------------------------------+

Apples created: 50165

Apples got in: 50165

Apples spoiled: 264

Apples in factory: 5309

Apples in factory: 0

+----------------------------------------------------------+
| STORE Trucks for apple transport                         |
+----------------------------------------------------------+
|  Capacity = 10000  (0 used, 10000 free)                  |
|  Time interval = 0 - 50000                               |
|  Number of Enter operations = 6628                       |
|  Minimal used capacity = 0                               |
|  Maximal used capacity = 1                               |
|  Average used capacity = 0                               |
+----------------------------------------------------------+

+----------------------------------------------------------+
| FACILITY Forklift that transports apple crates to truck  |
+----------------------------------------------------------+
|  Status = BUSY                                           |
|  Time interval = 0 - 50000                               |
|  Number of requests = 6629                               |
|  Average utilization = 0.999886                          |
+----------------------------------------------------------+
  Input queue 'Forklift that transports apple crates to truck.Q1'
+----------------------------------------------------------+
| QUEUE Q1                                                 |
+----------------------------------------------------------+
|  Time interval = 0 - 50000                               |
|  Incoming  7628                                          |
|  Outcoming  6628                                         |
|  Current length = 1000                                   |
|  Maximal length = 1000                                   |
|  Average length = 989.168                                |
|  Minimal time = 3.20583                                  |
|  Maximal time = 7629.68                                  |
|  Average time = 6898.24                                  |
|  Standard deviation = 1678.64                            |
+----------------------------------------------------------+

+----------------------------------------------------------+
| STORE People that collect apple from tree                |
+----------------------------------------------------------+
|  Capacity = 50  (10 used, 40 free)                       |
|  Time interval = 0 - 50000                               |
|  Number of Enter operations = 50165                      |
|  Minimal used capacity = 0                               |
|  Maximal used capacity = 21                              |
|  Average used capacity = 7.49748                         |
+----------------------------------------------------------+

+----------------------------------------------------------+
| QUEUE Apple go to washer queue                           |
+----------------------------------------------------------+
|  Time interval = 0 - 50000                               |
|  Incoming  1319                                          |
|  Outcoming  1319                                         |
|  Current length = 0                                      |
|  Maximal length = 1319                                   |
|  Average length = 0                                      |
|  Minimal time = 0                                        |
|  Maximal time = 0                                        |
|  Average time = 0                                        |
|  Standard deviation = 0                                  |
+----------------------------------------------------------+
+----------------------------------------------------------+
| QUEUE Apple go to JuiceMaker queue                       |
+----------------------------------------------------------+
|  Time interval = 0 - 50000                               |
|  Incoming  1319                                          |
|  Outcoming  1319                                         |
|  Current length = 0                                      |
|  Maximal length = 1319                                   |
|  Average length = 0                                      |
|  Minimal time = 0                                        |
|  Maximal time = 0                                        |
|  Average time = 0                                        |
|  Standard deviation = 0                                  |
+----------------------------------------------------------+
+----------------------------------------------------------+
| QUEUE Juice from juice maker                             |
+----------------------------------------------------------+
|  Time interval = 0 - 50000                               |
|  Incoming  1319                                          |
|  Outcoming  1319                                         |
|  Current length = 0                                      |
|  Maximal length = 1319                                   |
|  Average length = 0                                      |
|  Minimal time = 0                                        |
|  Maximal time = 0                                        |
|  Average time = 0                                        |
|  Standard deviation = 0                                  |
+----------------------------------------------------------+
